2025-06-14 13:52:28,054 CRIT Supervisor is running as root.  Privileges were not dropped because no user is specified in the config file.  If you intend to run as root, you can set user=root in the config file to avoid this message.
2025-06-14 13:52:28,056 INFO supervisord started with pid 1
2025-06-14 13:52:29,058 INFO spawned: 'nginx' with pid 7
2025-06-14 13:52:29,059 INFO spawned: 'php-fpm' with pid 8
2025-06-14 13:52:29,063 WARN exited: nginx (exit status 1; not expected)
2025-06-14 13:52:30,082 INFO spawned: 'nginx' with pid 11
2025-06-14 13:52:30,082 INFO success: php-fpm entered RUNNING state, process has stayed up for > than 1 seconds (startsecs)
2025-06-14 13:52:30,086 WARN exited: nginx (exit status 1; not expected)
2025-06-14 13:52:32,089 INFO spawned: 'nginx' with pid 12
2025-06-14 13:52:32,093 WARN exited: nginx (exit status 1; not expected)
2025-06-14 13:52:35,097 INFO spawned: 'nginx' with pid 13
2025-06-14 13:52:35,101 WARN exited: nginx (exit status 1; not expected)
2025-06-14 13:52:36,102 INFO gave up: nginx entered FATAL state, too many start retries too quickly
2025-06-14 13:53:11,138 WARN received SIGQUIT indicating exit request
2025-06-14 13:53:11,139 INFO waiting for php-fpm to die
2025-06-14 13:53:11,141 INFO stopped: php-fpm (exit status 0)
2025-06-14 13:56:36,450 CRIT Supervisor is running as root.  Privileges were not dropped because no user is specified in the config file.  If you intend to run as root, you can set user=root in the config file to avoid this message.
2025-06-14 13:56:36,452 INFO supervisord started with pid 1
2025-06-14 13:56:37,454 INFO spawned: 'nginx' with pid 7
2025-06-14 13:56:37,455 INFO spawned: 'php-fpm' with pid 8
2025-06-14 13:56:37,462 WARN exited: nginx (exit status 1; not expected)
2025-06-14 13:56:38,478 INFO spawned: 'nginx' with pid 11
2025-06-14 13:56:38,478 INFO success: php-fpm entered RUNNING state, process has stayed up for > than 1 seconds (startsecs)
2025-06-14 13:56:38,482 WARN exited: nginx (exit status 1; not expected)
2025-06-14 13:56:40,485 INFO spawned: 'nginx' with pid 12
2025-06-14 13:56:40,490 WARN exited: nginx (exit status 1; not expected)
2025-06-14 13:56:43,493 INFO spawned: 'nginx' with pid 13
2025-06-14 13:56:43,497 WARN exited: nginx (exit status 1; not expected)
2025-06-14 13:56:44,498 INFO gave up: nginx entered FATAL state, too many start retries too quickly
2025-06-14 14:08:27,187 WARN received SIGQUIT indicating exit request
2025-06-14 14:08:27,188 INFO waiting for php-fpm to die
2025-06-14 14:08:27,191 INFO stopped: php-fpm (exit status 0)
2025-06-14 14:10:11,363 CRIT Supervisor is running as root.  Privileges were not dropped because no user is specified in the config file.  If you intend to run as root, you can set user=root in the config file to avoid this message.
2025-06-14 14:10:11,364 INFO supervisord started with pid 1
2025-06-14 14:10:12,367 INFO spawned: 'nginx' with pid 7
2025-06-14 14:10:12,369 INFO spawned: 'php-fpm' with pid 8
2025-06-14 14:10:13,390 INFO success: nginx entered RUNNING state, process has stayed up for > than 1 seconds (startsecs)
2025-06-14 14:10:13,390 INFO success: php-fpm entered RUNNING state, process has stayed up for > than 1 seconds (startsecs)
2025-06-14 14:10:17,378 WARN exited: nginx (exit status 1; not expected)
2025-06-14 14:10:18,380 INFO spawned: 'nginx' with pid 11
2025-06-14 14:10:19,381 INFO success: nginx entered RUNNING state, process has stayed up for > than 1 seconds (startsecs)
2025-06-14 14:10:23,391 WARN exited: nginx (exit status 1; not expected)
2025-06-14 14:10:24,393 INFO spawned: 'nginx' with pid 12
2025-06-14 14:10:25,394 INFO success: nginx entered RUNNING state, process has stayed up for > than 1 seconds (startsecs)
2025-06-14 14:10:29,404 WARN exited: nginx (exit status 1; not expected)
2025-06-14 14:10:30,405 INFO spawned: 'nginx' with pid 13
2025-06-14 14:10:31,407 INFO success: nginx entered RUNNING state, process has stayed up for > than 1 seconds (startsecs)
2025-06-14 14:10:35,415 WARN exited: nginx (exit status 1; not expected)
2025-06-14 14:10:36,417 INFO spawned: 'nginx' with pid 14
2025-06-14 14:10:37,418 INFO success: nginx entered RUNNING state, process has stayed up for > than 1 seconds (startsecs)
2025-06-14 14:10:41,428 WARN exited: nginx (exit status 1; not expected)
2025-06-14 14:10:42,430 INFO spawned: 'nginx' with pid 15
2025-06-14 14:10:43,431 INFO success: nginx entered RUNNING state, process has stayed up for > than 1 seconds (startsecs)
2025-06-14 14:10:47,440 WARN exited: nginx (exit status 1; not expected)
2025-06-14 14:10:48,441 INFO spawned: 'nginx' with pid 16
2025-06-14 14:10:49,443 INFO success: nginx entered RUNNING state, process has stayed up for > than 1 seconds (startsecs)
2025-06-14 14:10:53,452 WARN exited: nginx (exit status 1; not expected)
2025-06-14 14:10:54,453 INFO spawned: 'nginx' with pid 17
2025-06-14 14:10:55,454 INFO success: nginx entered RUNNING state, process has stayed up for > than 1 seconds (startsecs)
2025-06-14 14:10:59,464 WARN exited: nginx (exit status 1; not expected)
2025-06-14 14:11:00,465 INFO spawned: 'nginx' with pid 18
2025-06-14 14:11:01,466 INFO success: nginx entered RUNNING state, process has stayed up for > than 1 seconds (startsecs)
2025-06-14 14:11:05,474 WARN exited: nginx (exit status 1; not expected)
2025-06-14 14:11:06,476 INFO spawned: 'nginx' with pid 19
2025-06-14 14:11:07,477 INFO success: nginx entered RUNNING state, process has stayed up for > than 1 seconds (startsecs)
2025-06-14 14:11:11,485 WARN exited: nginx (exit status 1; not expected)
2025-06-14 14:11:12,486 INFO spawned: 'nginx' with pid 20
2025-06-14 14:11:13,487 INFO success: nginx entered RUNNING state, process has stayed up for > than 1 seconds (startsecs)
2025-06-14 14:11:17,496 WARN exited: nginx (exit status 1; not expected)
2025-06-14 14:11:18,497 INFO spawned: 'nginx' with pid 21
2025-06-14 14:11:19,499 INFO success: nginx entered RUNNING state, process has stayed up for > than 1 seconds (startsecs)
2025-06-14 14:11:23,508 WARN exited: nginx (exit status 1; not expected)
2025-06-14 14:11:24,509 INFO spawned: 'nginx' with pid 22
2025-06-14 14:11:25,510 INFO success: nginx entered RUNNING state, process has stayed up for > than 1 seconds (startsecs)
2025-06-14 14:11:29,515 WARN exited: nginx (exit status 1; not expected)
2025-06-14 14:11:30,518 INFO spawned: 'nginx' with pid 23
2025-06-14 14:11:31,519 INFO success: nginx entered RUNNING state, process has stayed up for > than 1 seconds (startsecs)
2025-06-14 14:11:35,526 WARN exited: nginx (exit status 1; not expected)
2025-06-14 14:11:36,529 INFO spawned: 'nginx' with pid 24
2025-06-14 14:11:37,530 INFO success: nginx entered RUNNING state, process has stayed up for > than 1 seconds (startsecs)
2025-06-14 14:11:41,537 WARN exited: nginx (exit status 1; not expected)
2025-06-14 14:11:42,538 INFO spawned: 'nginx' with pid 25
2025-06-14 14:11:43,539 INFO success: nginx entered RUNNING state, process has stayed up for > than 1 seconds (startsecs)
2025-06-14 14:11:47,548 WARN exited: nginx (exit status 1; not expected)
2025-06-14 14:11:48,551 INFO spawned: 'nginx' with pid 26
2025-06-14 14:11:49,552 INFO success: nginx entered RUNNING state, process has stayed up for > than 1 seconds (startsecs)
2025-06-14 14:11:53,561 WARN exited: nginx (exit status 1; not expected)
2025-06-14 14:11:54,562 INFO spawned: 'nginx' with pid 27
2025-06-14 14:11:55,563 INFO success: nginx entered RUNNING state, process has stayed up for > than 1 seconds (startsecs)
2025-06-14 14:11:59,572 WARN exited: nginx (exit status 1; not expected)
2025-06-14 14:12:00,573 INFO spawned: 'nginx' with pid 28
2025-06-14 14:12:01,575 INFO success: nginx entered RUNNING state, process has stayed up for > than 1 seconds (startsecs)
2025-06-14 14:12:05,582 WARN exited: nginx (exit status 1; not expected)
2025-06-14 14:12:06,584 INFO spawned: 'nginx' with pid 29
2025-06-14 14:12:07,585 INFO success: nginx entered RUNNING state, process has stayed up for > than 1 seconds (startsecs)
2025-06-14 14:12:11,592 WARN exited: nginx (exit status 1; not expected)
2025-06-14 14:12:12,593 INFO spawned: 'nginx' with pid 30
2025-06-14 14:12:13,595 INFO success: nginx entered RUNNING state, process has stayed up for > than 1 seconds (startsecs)
2025-06-14 14:12:17,604 WARN exited: nginx (exit status 1; not expected)
2025-06-14 14:12:18,605 INFO spawned: 'nginx' with pid 31
2025-06-14 14:12:19,607 INFO success: nginx entered RUNNING state, process has stayed up for > than 1 seconds (startsecs)
2025-06-14 14:12:23,616 WARN exited: nginx (exit status 1; not expected)
2025-06-14 14:12:24,618 INFO spawned: 'nginx' with pid 32
2025-06-14 14:12:25,619 INFO success: nginx entered RUNNING state, process has stayed up for > than 1 seconds (startsecs)
2025-06-14 14:12:29,629 WARN exited: nginx (exit status 1; not expected)
2025-06-14 14:12:30,631 INFO spawned: 'nginx' with pid 33
2025-06-14 14:12:31,631 INFO success: nginx entered RUNNING state, process has stayed up for > than 1 seconds (startsecs)
2025-06-14 14:12:35,639 WARN exited: nginx (exit status 1; not expected)
2025-06-14 14:12:36,640 INFO spawned: 'nginx' with pid 34
2025-06-14 14:12:37,641 INFO success: nginx entered RUNNING state, process has stayed up for > than 1 seconds (startsecs)
2025-06-14 14:12:41,650 WARN exited: nginx (exit status 1; not expected)
2025-06-14 14:12:42,652 INFO spawned: 'nginx' with pid 35
2025-06-14 14:12:43,654 INFO success: nginx entered RUNNING state, process has stayed up for > than 1 seconds (startsecs)
2025-06-14 14:12:47,661 WARN exited: nginx (exit status 1; not expected)
2025-06-14 14:12:48,662 INFO spawned: 'nginx' with pid 36
2025-06-14 14:12:49,664 INFO success: nginx entered RUNNING state, process has stayed up for > than 1 seconds (startsecs)
2025-06-14 14:12:53,673 WARN exited: nginx (exit status 1; not expected)
2025-06-14 14:12:54,674 INFO spawned: 'nginx' with pid 37
2025-06-14 14:12:55,676 INFO success: nginx entered RUNNING state, process has stayed up for > than 1 seconds (startsecs)
2025-06-14 14:12:59,684 WARN exited: nginx (exit status 1; not expected)
2025-06-14 14:13:00,686 INFO spawned: 'nginx' with pid 38
2025-06-14 14:13:01,687 INFO success: nginx entered RUNNING state, process has stayed up for > than 1 seconds (startsecs)
2025-06-14 14:13:05,697 WARN exited: nginx (exit status 1; not expected)
2025-06-14 14:13:06,699 INFO spawned: 'nginx' with pid 39
2025-06-14 14:13:07,700 INFO success: nginx entered RUNNING state, process has stayed up for > than 1 seconds (startsecs)
2025-06-14 14:13:11,709 WARN exited: nginx (exit status 1; not expected)
2025-06-14 14:13:12,710 INFO spawned: 'nginx' with pid 40
2025-06-14 14:13:13,711 INFO success: nginx entered RUNNING state, process has stayed up for > than 1 seconds (startsecs)
2025-06-14 14:13:17,721 WARN exited: nginx (exit status 1; not expected)
2025-06-14 14:13:18,722 INFO spawned: 'nginx' with pid 41
2025-06-14 14:13:19,723 INFO success: nginx entered RUNNING state, process has stayed up for > than 1 seconds (startsecs)
2025-06-14 14:13:23,733 WARN exited: nginx (exit status 1; not expected)
2025-06-14 14:13:24,735 INFO spawned: 'nginx' with pid 42
2025-06-14 14:13:25,735 INFO success: nginx entered RUNNING state, process has stayed up for > than 1 seconds (startsecs)
2025-06-14 14:13:29,744 WARN exited: nginx (exit status 1; not expected)
2025-06-14 14:13:30,745 INFO spawned: 'nginx' with pid 43
2025-06-14 14:13:31,747 INFO success: nginx entered RUNNING state, process has stayed up for > than 1 seconds (startsecs)
2025-06-14 14:13:35,754 WARN exited: nginx (exit status 1; not expected)
2025-06-14 14:13:36,756 INFO spawned: 'nginx' with pid 44
2025-06-14 14:13:37,757 INFO success: nginx entered RUNNING state, process has stayed up for > than 1 seconds (startsecs)
2025-06-14 14:13:41,767 WARN exited: nginx (exit status 1; not expected)
2025-06-14 14:13:42,769 INFO spawned: 'nginx' with pid 45
2025-06-14 14:13:43,770 INFO success: nginx entered RUNNING state, process has stayed up for > than 1 seconds (startsecs)
2025-06-14 14:13:47,779 WARN exited: nginx (exit status 1; not expected)
2025-06-14 14:13:48,780 INFO spawned: 'nginx' with pid 46
2025-06-14 14:13:49,782 INFO success: nginx entered RUNNING state, process has stayed up for > than 1 seconds (startsecs)
2025-06-14 14:13:53,790 WARN exited: nginx (exit status 1; not expected)
2025-06-14 14:13:54,792 INFO spawned: 'nginx' with pid 47
2025-06-14 14:13:55,794 INFO success: nginx entered RUNNING state, process has stayed up for > than 1 seconds (startsecs)
2025-06-14 14:13:59,801 WARN exited: nginx (exit status 1; not expected)
2025-06-14 14:14:00,802 INFO spawned: 'nginx' with pid 48
2025-06-14 14:14:01,804 INFO success: nginx entered RUNNING state, process has stayed up for > than 1 seconds (startsecs)
2025-06-14 14:14:05,813 WARN exited: nginx (exit status 1; not expected)
2025-06-14 14:14:06,815 INFO spawned: 'nginx' with pid 49
2025-06-14 14:14:07,816 INFO success: nginx entered RUNNING state, process has stayed up for > than 1 seconds (startsecs)
2025-06-14 14:14:11,825 WARN exited: nginx (exit status 1; not expected)
2025-06-14 14:14:12,826 INFO spawned: 'nginx' with pid 50
2025-06-14 14:14:13,828 INFO success: nginx entered RUNNING state, process has stayed up for > than 1 seconds (startsecs)
2025-06-14 14:14:17,836 WARN exited: nginx (exit status 1; not expected)
2025-06-14 14:14:18,837 INFO spawned: 'nginx' with pid 51
2025-06-14 14:14:19,839 INFO success: nginx entered RUNNING state, process has stayed up for > than 1 seconds (startsecs)
2025-06-14 14:14:23,847 WARN exited: nginx (exit status 1; not expected)
2025-06-14 14:14:24,848 INFO spawned: 'nginx' with pid 52
2025-06-14 14:14:25,850 INFO success: nginx entered RUNNING state, process has stayed up for > than 1 seconds (startsecs)
2025-06-14 14:14:29,859 WARN exited: nginx (exit status 1; not expected)
2025-06-14 14:14:30,861 INFO spawned: 'nginx' with pid 53
2025-06-14 14:14:31,862 INFO success: nginx entered RUNNING state, process has stayed up for > than 1 seconds (startsecs)
2025-06-14 14:14:35,869 WARN exited: nginx (exit status 1; not expected)
2025-06-14 14:14:36,872 INFO spawned: 'nginx' with pid 54
2025-06-14 14:14:37,872 INFO success: nginx entered RUNNING state, process has stayed up for > than 1 seconds (startsecs)
2025-06-14 14:14:41,881 WARN exited: nginx (exit status 1; not expected)
2025-06-14 14:14:42,882 INFO spawned: 'nginx' with pid 55
2025-06-14 14:14:43,883 INFO success: nginx entered RUNNING state, process has stayed up for > than 1 seconds (startsecs)
2025-06-14 14:14:47,893 WARN exited: nginx (exit status 1; not expected)
2025-06-14 14:14:48,894 INFO spawned: 'nginx' with pid 56
2025-06-14 14:14:49,895 INFO success: nginx entered RUNNING state, process has stayed up for > than 1 seconds (startsecs)
2025-06-14 14:14:53,904 WARN exited: nginx (exit status 1; not expected)
2025-06-14 14:14:54,905 INFO spawned: 'nginx' with pid 57
2025-06-14 14:14:55,906 INFO success: nginx entered RUNNING state, process has stayed up for > than 1 seconds (startsecs)
2025-06-14 14:14:59,915 WARN exited: nginx (exit status 1; not expected)
2025-06-14 14:15:00,917 INFO spawned: 'nginx' with pid 58
2025-06-14 14:15:01,918 INFO success: nginx entered RUNNING state, process has stayed up for > than 1 seconds (startsecs)
2025-06-14 14:15:05,927 WARN exited: nginx (exit status 1; not expected)
2025-06-14 14:15:06,929 INFO spawned: 'nginx' with pid 59
2025-06-14 14:15:07,929 INFO success: nginx entered RUNNING state, process has stayed up for > than 1 seconds (startsecs)
2025-06-14 14:15:11,939 WARN exited: nginx (exit status 1; not expected)
2025-06-14 14:15:12,941 INFO spawned: 'nginx' with pid 60
2025-06-14 14:15:13,943 INFO success: nginx entered RUNNING state, process has stayed up for > than 1 seconds (startsecs)
2025-06-14 14:15:17,950 WARN exited: nginx (exit status 1; not expected)
2025-06-14 14:15:18,951 INFO spawned: 'nginx' with pid 61
2025-06-14 14:15:19,953 INFO success: nginx entered RUNNING state, process has stayed up for > than 1 seconds (startsecs)
2025-06-14 14:15:23,961 WARN exited: nginx (exit status 1; not expected)
2025-06-14 14:15:24,963 INFO spawned: 'nginx' with pid 62
2025-06-14 14:15:25,964 INFO success: nginx entered RUNNING state, process has stayed up for > than 1 seconds (startsecs)
2025-06-14 14:15:29,974 WARN exited: nginx (exit status 1; not expected)
2025-06-14 14:15:30,976 INFO spawned: 'nginx' with pid 63
2025-06-14 14:15:31,977 INFO success: nginx entered RUNNING state, process has stayed up for > than 1 seconds (startsecs)
2025-06-14 14:15:35,984 WARN exited: nginx (exit status 1; not expected)
2025-06-14 14:15:36,986 INFO spawned: 'nginx' with pid 64
2025-06-14 14:15:37,988 INFO success: nginx entered RUNNING state, process has stayed up for > than 1 seconds (startsecs)
2025-06-14 14:15:41,992 WARN received SIGQUIT indicating exit request
2025-06-14 14:15:41,992 INFO waiting for nginx, php-fpm to die
2025-06-14 14:15:41,995 INFO stopped: php-fpm (exit status 0)
2025-06-14 14:15:41,995 WARN stopped: nginx (terminated by SIGTERM)
2025-06-14 14:17:18,259 CRIT Supervisor is running as root.  Privileges were not dropped because no user is specified in the config file.  If you intend to run as root, you can set user=root in the config file to avoid this message.
2025-06-14 14:17:18,260 INFO supervisord started with pid 1
2025-06-14 14:17:19,268 INFO spawned: 'nginx' with pid 7
2025-06-14 14:17:19,270 INFO spawned: 'php-fpm' with pid 8
2025-06-14 14:17:20,302 INFO success: nginx entered RUNNING state, process has stayed up for > than 1 seconds (startsecs)
2025-06-14 14:17:20,302 INFO success: php-fpm entered RUNNING state, process has stayed up for > than 1 seconds (startsecs)
2025-06-14 14:20:22,171 WARN received SIGQUIT indicating exit request
2025-06-14 14:20:22,172 INFO waiting for nginx, php-fpm to die
2025-06-14 14:20:22,174 INFO stopped: php-fpm (exit status 0)
2025-06-14 14:20:22,193 INFO stopped: nginx (exit status 0)
2025-06-14 14:20:35,052 CRIT Supervisor is running as root.  Privileges were not dropped because no user is specified in the config file.  If you intend to run as root, you can set user=root in the config file to avoid this message.
2025-06-14 14:20:35,054 INFO supervisord started with pid 1
2025-06-14 14:20:36,057 INFO spawned: 'nginx' with pid 7
2025-06-14 14:20:36,058 INFO spawned: 'php-fpm' with pid 8
2025-06-14 14:20:37,079 INFO success: nginx entered RUNNING state, process has stayed up for > than 1 seconds (startsecs)
2025-06-14 14:20:37,079 INFO success: php-fpm entered RUNNING state, process has stayed up for > than 1 seconds (startsecs)
2025-06-14 14:20:41,084 WARN received SIGQUIT indicating exit request
2025-06-14 14:20:41,084 INFO waiting for nginx, php-fpm to die
2025-06-14 14:20:41,087 INFO stopped: php-fpm (exit status 0)
2025-06-14 14:20:41,122 INFO stopped: nginx (exit status 0)
2025-06-14 14:23:18,051 CRIT Supervisor is running as root.  Privileges were not dropped because no user is specified in the config file.  If you intend to run as root, you can set user=root in the config file to avoid this message.
2025-06-14 14:23:18,054 INFO supervisord started with pid 1
2025-06-14 14:23:19,057 INFO spawned: 'nginx' with pid 7
2025-06-14 14:23:19,058 INFO spawned: 'php-fpm' with pid 8
2025-06-14 14:23:20,080 INFO success: nginx entered RUNNING state, process has stayed up for > than 1 seconds (startsecs)
2025-06-14 14:23:20,080 INFO success: php-fpm entered RUNNING state, process has stayed up for > than 1 seconds (startsecs)
2025-06-14 14:26:17,261 WARN received SIGQUIT indicating exit request
2025-06-14 14:26:17,262 INFO waiting for nginx, php-fpm to die
2025-06-14 14:26:17,264 INFO stopped: php-fpm (exit status 0)
2025-06-14 14:26:17,299 INFO stopped: nginx (exit status 0)
2025-06-14 14:27:50,381 CRIT Supervisor is running as root.  Privileges were not dropped because no user is specified in the config file.  If you intend to run as root, you can set user=root in the config file to avoid this message.
2025-06-14 14:27:50,383 INFO supervisord started with pid 1
2025-06-14 14:27:51,391 INFO spawned: 'nginx' with pid 7
2025-06-14 14:27:51,392 INFO spawned: 'php-fpm' with pid 8
2025-06-14 14:27:52,414 INFO success: nginx entered RUNNING state, process has stayed up for > than 1 seconds (startsecs)
2025-06-14 14:27:52,414 INFO success: php-fpm entered RUNNING state, process has stayed up for > than 1 seconds (startsecs)
2025-06-14 14:29:42,523 WARN received SIGQUIT indicating exit request
2025-06-14 14:29:42,523 INFO waiting for nginx, php-fpm to die
2025-06-14 14:29:42,526 INFO stopped: php-fpm (exit status 0)
2025-06-14 14:29:42,555 INFO stopped: nginx (exit status 0)
2025-06-14 14:35:59,819 CRIT Supervisor is running as root.  Privileges were not dropped because no user is specified in the config file.  If you intend to run as root, you can set user=root in the config file to avoid this message.
2025-06-14 14:35:59,821 INFO supervisord started with pid 1
2025-06-14 14:36:00,824 INFO spawned: 'nginx' with pid 7
2025-06-14 14:36:00,825 INFO spawned: 'php-fpm' with pid 8
2025-06-14 14:36:01,847 INFO success: nginx entered RUNNING state, process has stayed up for > than 1 seconds (startsecs)
2025-06-14 14:36:01,847 INFO success: php-fpm entered RUNNING state, process has stayed up for > than 1 seconds (startsecs)
2025-06-14 14:38:57,147 WARN received SIGQUIT indicating exit request
2025-06-14 14:38:57,147 INFO waiting for nginx, php-fpm to die
2025-06-14 14:38:57,150 INFO stopped: php-fpm (exit status 0)
2025-06-14 14:38:57,177 INFO stopped: nginx (exit status 0)
2025-06-14 14:42:29,035 CRIT Supervisor is running as root.  Privileges were not dropped because no user is specified in the config file.  If you intend to run as root, you can set user=root in the config file to avoid this message.
2025-06-14 14:42:29,037 INFO supervisord started with pid 1
2025-06-14 14:42:30,039 INFO spawned: 'nginx' with pid 7
2025-06-14 14:42:30,040 INFO spawned: 'php-fpm' with pid 8
2025-06-14 14:42:31,062 INFO success: nginx entered RUNNING state, process has stayed up for > than 1 seconds (startsecs)
2025-06-14 14:42:31,062 INFO success: php-fpm entered RUNNING state, process has stayed up for > than 1 seconds (startsecs)
2025-06-14 14:48:50,727 WARN received SIGQUIT indicating exit request
2025-06-14 14:48:50,728 INFO waiting for nginx, php-fpm to die
2025-06-14 14:48:50,731 INFO stopped: php-fpm (exit status 0)
2025-06-14 14:48:50,756 INFO stopped: nginx (exit status 0)
2025-06-14 14:50:33,628 CRIT Supervisor is running as root.  Privileges were not dropped because no user is specified in the config file.  If you intend to run as root, you can set user=root in the config file to avoid this message.
2025-06-14 14:50:33,631 INFO supervisord started with pid 1
2025-06-14 14:50:34,633 INFO spawned: 'nginx' with pid 7
2025-06-14 14:50:34,634 INFO spawned: 'php-fpm' with pid 8
2025-06-14 14:50:35,658 INFO success: nginx entered RUNNING state, process has stayed up for > than 1 seconds (startsecs)
2025-06-14 14:50:35,658 INFO success: php-fpm entered RUNNING state, process has stayed up for > than 1 seconds (startsecs)
2025-06-14 14:54:07,984 WARN received SIGQUIT indicating exit request
2025-06-14 14:54:07,984 INFO waiting for nginx, php-fpm to die
2025-06-14 14:54:07,988 INFO stopped: php-fpm (exit status 0)
2025-06-14 14:54:08,034 INFO stopped: nginx (exit status 0)
2025-06-14 14:55:35,773 CRIT Supervisor is running as root.  Privileges were not dropped because no user is specified in the config file.  If you intend to run as root, you can set user=root in the config file to avoid this message.
2025-06-14 14:55:35,793 INFO supervisord started with pid 1
2025-06-14 14:55:36,796 INFO spawned: 'nginx' with pid 6
2025-06-14 14:55:36,797 INFO spawned: 'php-fpm' with pid 7
2025-06-14 14:55:37,819 INFO success: nginx entered RUNNING state, process has stayed up for > than 1 seconds (startsecs)
2025-06-14 14:55:37,819 INFO success: php-fpm entered RUNNING state, process has stayed up for > than 1 seconds (startsecs)
2025-06-14 14:58:02,018 WARN received SIGQUIT indicating exit request
2025-06-14 14:58:02,018 INFO waiting for nginx, php-fpm to die
2025-06-14 14:58:02,022 INFO stopped: php-fpm (exit status 0)
2025-06-14 14:58:02,053 INFO stopped: nginx (exit status 0)
2025-06-14 14:59:30,701 CRIT Supervisor is running as root.  Privileges were not dropped because no user is specified in the config file.  If you intend to run as root, you can set user=root in the config file to avoid this message.
2025-06-14 14:59:30,704 INFO supervisord started with pid 1
2025-06-14 14:59:31,706 INFO spawned: 'nginx' with pid 7
2025-06-14 14:59:31,707 INFO spawned: 'php-fpm' with pid 8
2025-06-14 14:59:32,728 INFO success: nginx entered RUNNING state, process has stayed up for > than 1 seconds (startsecs)
2025-06-14 14:59:32,728 INFO success: php-fpm entered RUNNING state, process has stayed up for > than 1 seconds (startsecs)
2025-06-14 15:01:07,761 WARN received SIGQUIT indicating exit request
2025-06-14 15:01:07,761 INFO waiting for nginx, php-fpm to die
2025-06-14 15:01:07,764 INFO stopped: php-fpm (exit status 0)
2025-06-14 15:01:07,806 INFO stopped: nginx (exit status 0)
2025-06-14 15:02:49,109 CRIT Supervisor is running as root.  Privileges were not dropped because no user is specified in the config file.  If you intend to run as root, you can set user=root in the config file to avoid this message.
2025-06-14 15:02:49,111 INFO supervisord started with pid 1
2025-06-14 15:02:50,120 INFO spawned: 'nginx' with pid 6
2025-06-14 15:02:50,121 INFO spawned: 'php-fpm' with pid 7
2025-06-14 15:02:51,158 INFO success: nginx entered RUNNING state, process has stayed up for > than 1 seconds (startsecs)
2025-06-14 15:02:51,158 INFO success: php-fpm entered RUNNING state, process has stayed up for > than 1 seconds (startsecs)
2025-06-14 15:03:58,261 WARN received SIGQUIT indicating exit request
2025-06-14 15:03:58,261 INFO waiting for nginx, php-fpm to die
2025-06-14 15:03:58,265 INFO stopped: php-fpm (exit status 0)
2025-06-14 15:03:58,292 INFO stopped: nginx (exit status 0)
2025-06-14 15:05:52,722 CRIT Supervisor is running as root.  Privileges were not dropped because no user is specified in the config file.  If you intend to run as root, you can set user=root in the config file to avoid this message.
2025-06-14 15:05:52,729 INFO supervisord started with pid 1
2025-06-14 15:05:53,732 INFO spawned: 'nginx' with pid 7
2025-06-14 15:05:53,733 INFO spawned: 'php-fpm' with pid 8
2025-06-14 15:05:54,755 INFO success: nginx entered RUNNING state, process has stayed up for > than 1 seconds (startsecs)
2025-06-14 15:05:54,755 INFO success: php-fpm entered RUNNING state, process has stayed up for > than 1 seconds (startsecs)
2025-06-14 16:12:27,230 WARN received SIGQUIT indicating exit request
2025-06-14 16:12:27,230 INFO waiting for nginx, php-fpm to die
2025-06-14 16:12:27,234 INFO stopped: php-fpm (exit status 0)
2025-06-14 16:12:27,267 INFO stopped: nginx (exit status 0)
2025-06-14 16:16:58,827 CRIT Supervisor is running as root.  Privileges were not dropped because no user is specified in the config file.  If you intend to run as root, you can set user=root in the config file to avoid this message.
2025-06-14 16:16:58,828 INFO supervisord started with pid 1
2025-06-14 16:16:59,831 INFO spawned: 'nginx' with pid 7
2025-06-14 16:16:59,832 INFO spawned: 'php-fpm' with pid 8
2025-06-14 16:17:00,854 INFO success: nginx entered RUNNING state, process has stayed up for > than 1 seconds (startsecs)
2025-06-14 16:17:00,854 INFO success: php-fpm entered RUNNING state, process has stayed up for > than 1 seconds (startsecs)
